<?xml version="1.0" encoding="UTF-8"?>
<testsuite xmlns:xsi="http://www.w3.org/2001/XMLSchema-instance" xsi:noNamespaceSchemaLocation="https://maven.apache.org/surefire/maven-surefire-plugin/xsd/surefire-test-report.xsd" name="TestSuite" time="37.41" tests="1" errors="0" skipped="0" failures="0">
  <properties>
    <property name="surefire.suiteXmlFiles" value="ChromeTestng.xml"/>
    <property name="java.specification.version" value="19"/>
    <property name="sun.jnu.encoding" value="UTF-8"/>
    <property name="java.class.path" value="/Users/surendran/Downloads/CVL-WEB-REPO-master2_BasicRunner/target/test-classes:/Users/surendran/Downloads/CVL-WEB-REPO-master2_BasicRunner/target/classes:/Users/surendran/.m2/repository/com/github/lambdatest/lambdatest-tunnel-binary/1.0.14/lambdatest-tunnel-binary-1.0.14.jar:/Users/surendran/.m2/repository/net/lingala/zip4j/zip4j/2.11.1/zip4j-2.11.1.jar:/Users/surendran/.m2/repository/org/seleniumhq/selenium/selenium-java/4.6.0/selenium-java-4.6.0.jar:/Users/surendran/.m2/repository/org/seleniumhq/selenium/selenium-api/4.6.0/selenium-api-4.6.0.jar:/Users/surendran/.m2/repository/org/seleniumhq/selenium/selenium-chrome-driver/4.6.0/selenium-chrome-driver-4.6.0.jar:/Users/surendran/.m2/repository/org/seleniumhq/selenium/selenium-chromium-driver/4.6.0/selenium-chromium-driver-4.6.0.jar:/Users/surendran/.m2/repository/org/seleniumhq/selenium/selenium-devtools-v105/4.6.0/selenium-devtools-v105-4.6.0.jar:/Users/surendran/.m2/repository/org/seleniumhq/selenium/selenium-devtools-v106/4.6.0/selenium-devtools-v106-4.6.0.jar:/Users/surendran/.m2/repository/org/seleniumhq/selenium/selenium-devtools-v107/4.6.0/selenium-devtools-v107-4.6.0.jar:/Users/surendran/.m2/repository/org/seleniumhq/selenium/selenium-devtools-v85/4.6.0/selenium-devtools-v85-4.6.0.jar:/Users/surendran/.m2/repository/org/seleniumhq/selenium/selenium-edge-driver/4.6.0/selenium-edge-driver-4.6.0.jar:/Users/surendran/.m2/repository/org/seleniumhq/selenium/selenium-firefox-driver/4.6.0/selenium-firefox-driver-4.6.0.jar:/Users/surendran/.m2/repository/org/seleniumhq/selenium/selenium-ie-driver/4.6.0/selenium-ie-driver-4.6.0.jar:/Users/surendran/.m2/repository/org/seleniumhq/selenium/selenium-safari-driver/4.6.0/selenium-safari-driver-4.6.0.jar:/Users/surendran/.m2/repository/org/seleniumhq/selenium/selenium-support/4.6.0/selenium-support-4.6.0.jar:/Users/surendran/.m2/repository/org/seleniumhq/selenium/selenium-remote-driver/4.6.0/selenium-remote-driver-4.6.0.jar:/Users/surendran/.m2/repository/com/beust/jcommander/1.82/jcommander-1.82.jar:/Users/surendran/.m2/repository/com/google/auto/service/auto-service-annotations/1.0.1/auto-service-annotations-1.0.1.jar:/Users/surendran/.m2/repository/com/google/auto/service/auto-service/1.0.1/auto-service-1.0.1.jar:/Users/surendran/.m2/repository/com/google/auto/auto-common/1.2/auto-common-1.2.jar:/Users/surendran/.m2/repository/io/netty/netty-buffer/4.1.84.Final/netty-buffer-4.1.84.Final.jar:/Users/surendran/.m2/repository/io/netty/netty-codec-http/4.1.84.Final/netty-codec-http-4.1.84.Final.jar:/Users/surendran/.m2/repository/io/netty/netty-codec/4.1.84.Final/netty-codec-4.1.84.Final.jar:/Users/surendran/.m2/repository/io/netty/netty-handler/4.1.84.Final/netty-handler-4.1.84.Final.jar:/Users/surendran/.m2/repository/io/netty/netty-common/4.1.84.Final/netty-common-4.1.84.Final.jar:/Users/surendran/.m2/repository/io/netty/netty-transport-classes-epoll/4.1.84.Final/netty-transport-classes-epoll-4.1.84.Final.jar:/Users/surendran/.m2/repository/io/netty/netty-transport-classes-kqueue/4.1.84.Final/netty-transport-classes-kqueue-4.1.84.Final.jar:/Users/surendran/.m2/repository/io/netty/netty-transport-native-epoll/4.1.84.Final/netty-transport-native-epoll-4.1.84.Final.jar:/Users/surendran/.m2/repository/io/netty/netty-transport-native-kqueue/4.1.84.Final/netty-transport-native-kqueue-4.1.84.Final.jar:/Users/surendran/.m2/repository/io/netty/netty-transport-native-unix-common/4.1.84.Final/netty-transport-native-unix-common-4.1.84.Final.jar:/Users/surendran/.m2/repository/io/netty/netty-transport/4.1.84.Final/netty-transport-4.1.84.Final.jar:/Users/surendran/.m2/repository/io/netty/netty-resolver/4.1.84.Final/netty-resolver-4.1.84.Final.jar:/Users/surendran/.m2/repository/io/opentelemetry/opentelemetry-api/1.19.0/opentelemetry-api-1.19.0.jar:/Users/surendran/.m2/repository/io/opentelemetry/opentelemetry-context/1.19.0/opentelemetry-context-1.19.0.jar:/Users/surendran/.m2/repository/io/opentelemetry/opentelemetry-exporter-logging/1.19.0/opentelemetry-exporter-logging-1.19.0.jar:/Users/surendran/.m2/repository/io/opentelemetry/opentelemetry-sdk-metrics/1.19.0/opentelemetry-sdk-metrics-1.19.0.jar:/Users/surendran/.m2/repository/io/opentelemetry/opentelemetry-sdk-logs/1.19.0-alpha/opentelemetry-sdk-logs-1.19.0-alpha.jar:/Users/surendran/.m2/repository/io/opentelemetry/opentelemetry-api-logs/1.19.0-alpha/opentelemetry-api-logs-1.19.0-alpha.jar:/Users/surendran/.m2/repository/io/opentelemetry/opentelemetry-sdk-common/1.19.0/opentelemetry-sdk-common-1.19.0.jar:/Users/surendran/.m2/repository/io/opentelemetry/opentelemetry-sdk-extension-autoconfigure-spi/1.19.0/opentelemetry-sdk-extension-autoconfigure-spi-1.19.0.jar:/Users/surendran/.m2/repository/io/opentelemetry/opentelemetry-sdk-extension-autoconfigure/1.19.0-alpha/opentelemetry-sdk-extension-autoconfigure-1.19.0-alpha.jar:/Users/surendran/.m2/repository/io/opentelemetry/opentelemetry-exporter-common/1.19.0/opentelemetry-exporter-common-1.19.0.jar:/Users/surendran/.m2/repository/io/opentelemetry/opentelemetry-sdk-trace/1.19.0/opentelemetry-sdk-trace-1.19.0.jar:/Users/surendran/.m2/repository/io/opentelemetry/opentelemetry-sdk/1.19.0/opentelemetry-sdk-1.19.0.jar:/Users/surendran/.m2/repository/io/opentelemetry/opentelemetry-semconv/1.19.0-alpha/opentelemetry-semconv-1.19.0-alpha.jar:/Users/surendran/.m2/repository/io/ous/jtoml/2.0.0/jtoml-2.0.0.jar:/Users/surendran/.m2/repository/net/bytebuddy/byte-buddy/1.12.18/byte-buddy-1.12.18.jar:/Users/surendran/.m2/repository/org/apache/commons/commons-exec/1.3/commons-exec-1.3.jar:/Users/surendran/.m2/repository/org/asynchttpclient/async-http-client/2.12.3/async-http-client-2.12.3.jar:/Users/surendran/.m2/repository/org/asynchttpclient/async-http-client-netty-utils/2.12.3/async-http-client-netty-utils-2.12.3.jar:/Users/surendran/.m2/repository/io/netty/netty-codec-socks/4.1.60.Final/netty-codec-socks-4.1.60.Final.jar:/Users/surendran/.m2/repository/io/netty/netty-handler-proxy/4.1.60.Final/netty-handler-proxy-4.1.60.Final.jar:/Users/surendran/.m2/repository/io/netty/netty-transport-native-epoll/4.1.60.Final/netty-transport-native-epoll-4.1.60.Final-linux-x86_64.jar:/Users/surendran/.m2/repository/io/netty/netty-transport-native-kqueue/4.1.60.Final/netty-transport-native-kqueue-4.1.60.Final-osx-x86_64.jar:/Users/surendran/.m2/repository/org/reactivestreams/reactive-streams/1.0.3/reactive-streams-1.0.3.jar:/Users/surendran/.m2/repository/com/typesafe/netty/netty-reactive-streams/2.0.4/netty-reactive-streams-2.0.4.jar:/Users/surendran/.m2/repository/com/sun/activation/jakarta.activation/1.2.2/jakarta.activation-1.2.2.jar:/Users/surendran/.m2/repository/org/seleniumhq/selenium/selenium-http/4.6.0/selenium-http-4.6.0.jar:/Users/surendran/.m2/repository/dev/failsafe/failsafe/3.3.0/failsafe-3.3.0.jar:/Users/surendran/.m2/repository/org/seleniumhq/selenium/selenium-json/4.6.0/selenium-json-4.6.0.jar:/Users/surendran/.m2/repository/org/seleniumhq/selenium/selenium-manager/4.6.0/selenium-manager-4.6.0.jar:/Users/surendran/.m2/repository/io/github/bonigarcia/webdrivermanager/5.3.1/webdrivermanager-5.3.1.jar:/Users/surendran/.m2/repository/com/google/code/gson/gson/2.10/gson-2.10.jar:/Users/surendran/.m2/repository/com/github/docker-java/docker-java/3.2.13/docker-java-3.2.13.jar:/Users/surendran/.m2/repository/com/github/docker-java/docker-java-core/3.2.13/docker-java-core-3.2.13.jar:/Users/surendran/.m2/repository/com/github/docker-java/docker-java-api/3.2.13/docker-java-api-3.2.13.jar:/Users/surendran/.m2/repository/org/bouncycastle/bcpkix-jdk15on/1.64/bcpkix-jdk15on-1.64.jar:/Users/surendran/.m2/repository/org/bouncycastle/bcprov-jdk15on/1.64/bcprov-jdk15on-1.64.jar:/Users/surendran/.m2/repository/org/slf4j/jcl-over-slf4j/1.7.30/jcl-over-slf4j-1.7.30.jar:/Users/surendran/.m2/repository/com/github/docker-java/docker-java-transport-httpclient5/3.2.13/docker-java-transport-httpclient5-3.2.13.jar:/Users/surendran/.m2/repository/com/github/docker-java/docker-java-transport/3.2.13/docker-java-transport-3.2.13.jar:/Users/surendran/.m2/repository/net/java/dev/jna/jna/5.8.0/jna-5.8.0.jar:/Users/surendran/.m2/repository/org/brotli/dec/0.1.2/dec-0.1.2.jar:/Users/surendran/.m2/repository/org/apache/commons/commons-lang3/3.12.0/commons-lang3-3.12.0.jar:/Users/surendran/.m2/repository/org/apache/httpcomponents/client5/httpclient5/5.1.3/httpclient5-5.1.3.jar:/Users/surendran/.m2/repository/org/apache/httpcomponents/core5/httpcore5/5.1.3/httpcore5-5.1.3.jar:/Users/surendran/.m2/repository/org/apache/httpcomponents/core5/httpcore5-h2/5.1.3/httpcore5-h2-5.1.3.jar:/Users/surendran/.m2/repository/com/google/guava/guava/31.1-jre/guava-31.1-jre.jar:/Users/surendran/.m2/repository/com/google/guava/failureaccess/1.0.1/failureaccess-1.0.1.jar:/Users/surendran/.m2/repository/com/google/guava/listenablefuture/9999.0-empty-to-avoid-conflict-with-guava/listenablefuture-9999.0-empty-to-avoid-conflict-with-guava.jar:/Users/surendran/.m2/repository/com/google/code/findbugs/jsr305/3.0.2/jsr305-3.0.2.jar:/Users/surendran/.m2/repository/org/checkerframework/checker-qual/3.12.0/checker-qual-3.12.0.jar:/Users/surendran/.m2/repository/com/google/errorprone/error_prone_annotations/2.11.0/error_prone_annotations-2.11.0.jar:/Users/surendran/.m2/repository/com/google/j2objc/j2objc-annotations/1.3/j2objc-annotations-1.3.jar:/Users/surendran/.m2/repository/ru/yandex/qatools/ashot/ashot/1.5.4/ashot-1.5.4.jar:/Users/surendran/.m2/repository/org/hamcrest/hamcrest-core/1.3/hamcrest-core-1.3.jar:/Users/surendran/.m2/repository/org/testng/testng/7.6.1/testng-7.6.1.jar:/Users/surendran/.m2/repository/org/webjars/jquery/3.6.0/jquery-3.6.0.jar:/Users/surendran/.m2/repository/io/cucumber/cucumber-java/7.8.1/cucumber-java-7.8.1.jar:/Users/surendran/.m2/repository/org/apiguardian/apiguardian-api/1.1.2/apiguardian-api-1.1.2.jar:/Users/surendran/.m2/repository/io/cucumber/cucumber-core/7.8.1/cucumber-core-7.8.1.jar:/Users/surendran/.m2/repository/io/cucumber/cucumber-gherkin/7.8.1/cucumber-gherkin-7.8.1.jar:/Users/surendran/.m2/repository/io/cucumber/cucumber-gherkin-messages/7.8.1/cucumber-gherkin-messages-7.8.1.jar:/Users/surendran/.m2/repository/io/cucumber/messages/19.1.4/messages-19.1.4.jar:/Users/surendran/.m2/repository/io/cucumber/tag-expressions/4.1.0/tag-expressions-4.1.0.jar:/Users/surendran/.m2/repository/io/cucumber/cucumber-expressions/16.0.0/cucumber-expressions-16.0.0.jar:/Users/surendran/.m2/repository/io/cucumber/datatable/7.8.1/datatable-7.8.1.jar:/Users/surendran/.m2/repository/io/cucumber/cucumber-plugin/7.8.1/cucumber-plugin-7.8.1.jar:/Users/surendran/.m2/repository/io/cucumber/docstring/7.8.1/docstring-7.8.1.jar:/Users/surendran/.m2/repository/io/cucumber/ci-environment/9.1.0/ci-environment-9.1.0.jar:/Users/surendran/.m2/repository/io/cucumber/cucumber-testng/7.8.1/cucumber-testng-7.8.1.jar:/Users/surendran/.m2/repository/io/cucumber/cucumber-junit/7.8.1/cucumber-junit-7.8.1.jar:/Users/surendran/.m2/repository/junit/junit/4.13.2/junit-4.13.2.jar:/Users/surendran/.m2/repository/io/cucumber/cucumber-picocontainer/7.8.1/cucumber-picocontainer-7.8.1.jar:/Users/surendran/.m2/repository/org/picocontainer/picocontainer/2.15/picocontainer-2.15.jar:/Users/surendran/.m2/repository/io/cucumber/gherkin/25.0.2/gherkin-25.0.2.jar:/Users/surendran/.m2/repository/io/rest-assured/rest-assured/4.4.0/rest-assured-4.4.0.jar:/Users/surendran/.m2/repository/org/codehaus/groovy/groovy/3.0.8/groovy-3.0.8.jar:/Users/surendran/.m2/repository/org/codehaus/groovy/groovy-xml/3.0.8/groovy-xml-3.0.8.jar:/Users/surendran/.m2/repository/org/apache/httpcomponents/httpmime/4.5.13/httpmime-4.5.13.jar:/Users/surendran/.m2/repository/org/hamcrest/hamcrest/2.1/hamcrest-2.1.jar:/Users/surendran/.m2/repository/org/ccil/cowan/tagsoup/tagsoup/1.2.1/tagsoup-1.2.1.jar:/Users/surendran/.m2/repository/io/rest-assured/json-path/4.4.0/json-path-4.4.0.jar:/Users/surendran/.m2/repository/org/codehaus/groovy/groovy-json/3.0.8/groovy-json-3.0.8.jar:/Users/surendran/.m2/repository/io/rest-assured/rest-assured-common/4.4.0/rest-assured-common-4.4.0.jar:/Users/surendran/.m2/repository/io/rest-assured/xml-path/4.4.0/xml-path-4.4.0.jar:/Users/surendran/.m2/repository/jakarta/xml/bind/jakarta.xml.bind-api/2.3.3/jakarta.xml.bind-api-2.3.3.jar:/Users/surendran/.m2/repository/jakarta/activation/jakarta.activation-api/1.2.2/jakarta.activation-api-1.2.2.jar:/Users/surendran/.m2/repository/com/sun/xml/bind/jaxb-impl/2.3.3/jaxb-impl-2.3.3.jar:/Users/surendran/.m2/repository/tech/grasshopper/extentreports-cucumber7-adapter/1.7.0/extentreports-cucumber7-adapter-1.7.0.jar:/Users/surendran/.m2/repository/com/aventstack/extentreports/5.0.9/extentreports-5.0.9.jar:/Users/surendran/.m2/repository/io/reactivex/rxjava3/rxjava/3.0.4/rxjava-3.0.4.jar:/Users/surendran/.m2/repository/org/freemarker/freemarker/2.3.30/freemarker-2.3.30.jar:/Users/surendran/.m2/repository/tech/grasshopper/extent-pdf-report/2.7.0/extent-pdf-report-2.7.0.jar:/Users/surendran/.m2/repository/tech/grasshopper/cucumber-pdf-report/2.10.0/cucumber-pdf-report-2.10.0.jar:/Users/surendran/.m2/repository/org/apache/pdfbox/pdfbox/2.0.26/pdfbox-2.0.26.jar:/Users/surendran/.m2/repository/org/apache/pdfbox/fontbox/2.0.26/fontbox-2.0.26.jar:/Users/surendran/.m2/repository/org/knowm/xchart/xchart/3.8.0/xchart-3.8.0.jar:/Users/surendran/.m2/repository/de/erichseifert/vectorgraphics2d/VectorGraphics2D/0.13/VectorGraphics2D-0.13.jar:/Users/surendran/.m2/repository/de/rototor/pdfbox/graphics2d/0.30/graphics2d-0.30.jar:/Users/surendran/.m2/repository/com/madgag/animated-gif-lib/1.4/animated-gif-lib-1.4.jar:/Users/surendran/.m2/repository/tech/grasshopper/table-layout/1.5.1/table-layout-1.5.1.jar:/Users/surendran/.m2/repository/tech/grasshopper/rest-assured-cucumber-pdf-report/1.4.1/rest-assured-cucumber-pdf-report-1.4.1.jar:/Users/surendran/.m2/repository/org/jsoup/jsoup/1.14.3/jsoup-1.14.3.jar:/Users/surendran/.m2/repository/com/aventstack/klov-reporter/5.0.9/klov-reporter-5.0.9.jar:/Users/surendran/.m2/repository/org/mongodb/mongodb-driver/3.6.4/mongodb-driver-3.6.4.jar:/Users/surendran/.m2/repository/org/mongodb/mongodb-driver-core/3.6.4/mongodb-driver-core-3.6.4.jar:/Users/surendran/.m2/repository/org/mongodb/bson/3.6.4/bson-3.6.4.jar:/Users/surendran/.m2/repository/tech/grasshopper/htmlextentreporter/1.0.1/htmlextentreporter-1.0.1.jar:/Users/surendran/.m2/repository/com/browserstack/browserstack-local-java/1.0.3/browserstack-local-java-1.0.3.jar:/Users/surendran/.m2/repository/log4j/log4j/1.2.17/log4j-1.2.17.jar:/Users/surendran/.m2/repository/org/slf4j/slf4j-api/2.0.5/slf4j-api-2.0.5.jar:/Users/surendran/.m2/repository/org/slf4j/slf4j-simple/2.0.5/slf4j-simple-2.0.5.jar:/Users/surendran/.m2/repository/commons-io/commons-io/2.11.0/commons-io-2.11.0.jar:/Users/surendran/.m2/repository/org/springframework/spring-web/5.3.15/spring-web-5.3.15.jar:/Users/surendran/.m2/repository/org/springframework/spring-beans/5.3.15/spring-beans-5.3.15.jar:/Users/surendran/.m2/repository/org/springframework/spring-core/5.3.15/spring-core-5.3.15.jar:/Users/surendran/.m2/repository/org/springframework/spring-jcl/5.3.15/spring-jcl-5.3.15.jar:/Users/surendran/.m2/repository/org/springframework/spring-context/5.3.15/spring-context-5.3.15.jar:/Users/surendran/.m2/repository/org/springframework/spring-aop/5.3.15/spring-aop-5.3.15.jar:/Users/surendran/.m2/repository/org/springframework/spring-expression/5.3.15/spring-expression-5.3.15.jar:/Users/surendran/.m2/repository/org/projectlombok/lombok/1.18.22/lombok-1.18.22.jar:/Users/surendran/.m2/repository/org/codehaus/jackson/jackson-mapper-asl/1.9.13/jackson-mapper-asl-1.9.13.jar:/Users/surendran/.m2/repository/org/codehaus/jackson/jackson-core-asl/1.9.13/jackson-core-asl-1.9.13.jar:/Users/surendran/.m2/repository/com/fasterxml/jackson/core/jackson-databind/2.13.1/jackson-databind-2.13.1.jar:/Users/surendran/.m2/repository/com/fasterxml/jackson/core/jackson-annotations/2.13.1/jackson-annotations-2.13.1.jar:/Users/surendran/.m2/repository/com/fasterxml/jackson/core/jackson-core/2.13.1/jackson-core-2.13.1.jar:/Users/surendran/.m2/repository/org/apache/httpcomponents/httpclient/4.5.13/httpclient-4.5.13.jar:/Users/surendran/.m2/repository/org/apache/httpcomponents/httpcore/4.4.13/httpcore-4.4.13.jar:/Users/surendran/.m2/repository/commons-logging/commons-logging/1.2/commons-logging-1.2.jar:/Users/surendran/.m2/repository/commons-codec/commons-codec/1.11/commons-codec-1.11.jar:/Users/surendran/.m2/repository/xml-apis/xml-apis/1.0.b2/xml-apis-1.0.b2.jar:/Users/surendran/.m2/repository/io/codearte/jfairy/jfairy/0.5.9/jfairy-0.5.9.jar:/Users/surendran/.m2/repository/org/apache/commons/commons-math3/3.6.1/commons-math3-3.6.1.jar:/Users/surendran/.m2/repository/org/yaml/snakeyaml/1.18/snakeyaml-1.18.jar:/Users/surendran/.m2/repository/com/google/inject/extensions/guice-assistedinject/4.1.0/guice-assistedinject-4.1.0.jar:/Users/surendran/.m2/repository/joda-time/joda-time/2.9.9/joda-time-2.9.9.jar:/Users/surendran/.m2/repository/org/reflections/reflections/0.9.11/reflections-0.9.11.jar:/Users/surendran/.m2/repository/org/javassist/javassist/3.21.0-GA/javassist-3.21.0-GA.jar:/Users/surendran/.m2/repository/org/iban4j/iban4j/3.2.1/iban4j-3.2.1.jar:/Users/surendran/.m2/repository/com/google/inject/guice/4.1.0/guice-4.1.0.jar:/Users/surendran/.m2/repository/javax/inject/javax.inject/1/javax.inject-1.jar:/Users/surendran/.m2/repository/aopalliance/aopalliance/1.0/aopalliance-1.0.jar:/Users/surendran/.m2/repository/org/json/json/20210307/json-20210307.jar:/Users/surendran/.m2/repository/com/opencsv/opencsv/5.5.2/opencsv-5.5.2.jar:/Users/surendran/.m2/repository/org/apache/commons/commons-text/1.9/commons-text-1.9.jar:/Users/surendran/.m2/repository/commons-beanutils/commons-beanutils/1.9.4/commons-beanutils-1.9.4.jar:/Users/surendran/.m2/repository/commons-collections/commons-collections/3.2.2/commons-collections-3.2.2.jar:/Users/surendran/.m2/repository/org/apache/commons/commons-collections4/4.4/commons-collections4-4.4.jar:/Users/surendran/.m2/repository/org/apache/poi/poi/5.2.2/poi-5.2.2.jar:/Users/surendran/.m2/repository/com/zaxxer/SparseBitSet/1.2/SparseBitSet-1.2.jar:/Users/surendran/.m2/repository/org/apache/logging/log4j/log4j-api/2.17.2/log4j-api-2.17.2.jar:/Users/surendran/.m2/repository/org/apache/poi/poi-ooxml/5.2.2/poi-ooxml-5.2.2.jar:/Users/surendran/.m2/repository/org/apache/poi/poi-ooxml-lite/5.2.2/poi-ooxml-lite-5.2.2.jar:/Users/surendran/.m2/repository/org/apache/xmlbeans/xmlbeans/5.0.3/xmlbeans-5.0.3.jar:/Users/surendran/.m2/repository/org/apache/commons/commons-compress/1.21/commons-compress-1.21.jar:/Users/surendran/.m2/repository/com/github/virtuald/curvesapi/1.07/curvesapi-1.07.jar:/Users/surendran/.m2/repository/io/appium/java-client/8.2.1/java-client-8.2.1.jar:/Users/surendran/.m2/repository/cglib/cglib/3.3.0/cglib-3.3.0.jar:/Users/surendran/.m2/repository/org/ow2/asm/asm/7.1/asm-7.1.jar:/Users/surendran/.m2/repository/commons-validator/commons-validator/1.7/commons-validator-1.7.jar:/Users/surendran/.m2/repository/commons-digester/commons-digester/2.1/commons-digester-2.1.jar:/Users/surendran/.m2/repository/org/jfree/jfreechart/1.0.14/jfreechart-1.0.14.jar:/Users/surendran/.m2/repository/org/jfree/jcommon/1.0.17/jcommon-1.0.17.jar:/Users/surendran/.m2/repository/com/lowagie/itext/2.1.5/itext-2.1.5.jar:/Users/surendran/.m2/repository/bouncycastle/bcmail-jdk14/138/bcmail-jdk14-138.jar:/Users/surendran/.m2/repository/bouncycastle/bcprov-jdk14/138/bcprov-jdk14-138.jar:"/>
    <property name="java.vm.vendor" value="Oracle Corporation"/>
    <property name="sun.arch.data.model" value="64"/>
    <property name="userkey" value="NCpPmdSI6U9UZchrLQGVgwNeIZv0CbEA3JwW1hBNrWuxtjyBLq"/>
    <property name="java.vendor.url" value="https://java.oracle.com/"/>
    <property name="os.name" value="Mac OS X"/>
    <property name="java.vm.specification.version" value="19"/>
    <property name="sun.java.launcher" value="SUN_STANDARD"/>
    <property name="user.country" value="IN"/>
    <property name="sun.boot.library.path" value="/Users/surendran/Library/Java/JavaVirtualMachines/openjdk-19.0.1/Contents/Home/lib"/>
    <property name="sun.java.command" value="/Users/surendran/Downloads/CVL-WEB-REPO-master2_BasicRunner/target/surefire/surefirebooter9689383758492487183.jar /Users/surendran/Downloads/CVL-WEB-REPO-master2_BasicRunner/target/surefire 2023-05-23T15-24-24_361-jvmRun1 surefire11802791629556348829tmp surefire_013609123979027494300tmp"/>
    <property name="http.nonProxyHosts" value="local|*.local|169.254/16|*.169.254/16"/>
    <property name="jdk.debug" value="release"/>
    <property name="surefire.test.class.path" value="/Users/surendran/Downloads/CVL-WEB-REPO-master2_BasicRunner/target/test-classes:/Users/surendran/Downloads/CVL-WEB-REPO-master2_BasicRunner/target/classes:/Users/surendran/.m2/repository/com/github/lambdatest/lambdatest-tunnel-binary/1.0.14/lambdatest-tunnel-binary-1.0.14.jar:/Users/surendran/.m2/repository/net/lingala/zip4j/zip4j/2.11.1/zip4j-2.11.1.jar:/Users/surendran/.m2/repository/org/seleniumhq/selenium/selenium-java/4.6.0/selenium-java-4.6.0.jar:/Users/surendran/.m2/repository/org/seleniumhq/selenium/selenium-api/4.6.0/selenium-api-4.6.0.jar:/Users/surendran/.m2/repository/org/seleniumhq/selenium/selenium-chrome-driver/4.6.0/selenium-chrome-driver-4.6.0.jar:/Users/surendran/.m2/repository/org/seleniumhq/selenium/selenium-chromium-driver/4.6.0/selenium-chromium-driver-4.6.0.jar:/Users/surendran/.m2/repository/org/seleniumhq/selenium/selenium-devtools-v105/4.6.0/selenium-devtools-v105-4.6.0.jar:/Users/surendran/.m2/repository/org/seleniumhq/selenium/selenium-devtools-v106/4.6.0/selenium-devtools-v106-4.6.0.jar:/Users/surendran/.m2/repository/org/seleniumhq/selenium/selenium-devtools-v107/4.6.0/selenium-devtools-v107-4.6.0.jar:/Users/surendran/.m2/repository/org/seleniumhq/selenium/selenium-devtools-v85/4.6.0/selenium-devtools-v85-4.6.0.jar:/Users/surendran/.m2/repository/org/seleniumhq/selenium/selenium-edge-driver/4.6.0/selenium-edge-driver-4.6.0.jar:/Users/surendran/.m2/repository/org/seleniumhq/selenium/selenium-firefox-driver/4.6.0/selenium-firefox-driver-4.6.0.jar:/Users/surendran/.m2/repository/org/seleniumhq/selenium/selenium-ie-driver/4.6.0/selenium-ie-driver-4.6.0.jar:/Users/surendran/.m2/repository/org/seleniumhq/selenium/selenium-safari-driver/4.6.0/selenium-safari-driver-4.6.0.jar:/Users/surendran/.m2/repository/org/seleniumhq/selenium/selenium-support/4.6.0/selenium-support-4.6.0.jar:/Users/surendran/.m2/repository/org/seleniumhq/selenium/selenium-remote-driver/4.6.0/selenium-remote-driver-4.6.0.jar:/Users/surendran/.m2/repository/com/beust/jcommander/1.82/jcommander-1.82.jar:/Users/surendran/.m2/repository/com/google/auto/service/auto-service-annotations/1.0.1/auto-service-annotations-1.0.1.jar:/Users/surendran/.m2/repository/com/google/auto/service/auto-service/1.0.1/auto-service-1.0.1.jar:/Users/surendran/.m2/repository/com/google/auto/auto-common/1.2/auto-common-1.2.jar:/Users/surendran/.m2/repository/io/netty/netty-buffer/4.1.84.Final/netty-buffer-4.1.84.Final.jar:/Users/surendran/.m2/repository/io/netty/netty-codec-http/4.1.84.Final/netty-codec-http-4.1.84.Final.jar:/Users/surendran/.m2/repository/io/netty/netty-codec/4.1.84.Final/netty-codec-4.1.84.Final.jar:/Users/surendran/.m2/repository/io/netty/netty-handler/4.1.84.Final/netty-handler-4.1.84.Final.jar:/Users/surendran/.m2/repository/io/netty/netty-common/4.1.84.Final/netty-common-4.1.84.Final.jar:/Users/surendran/.m2/repository/io/netty/netty-transport-classes-epoll/4.1.84.Final/netty-transport-classes-epoll-4.1.84.Final.jar:/Users/surendran/.m2/repository/io/netty/netty-transport-classes-kqueue/4.1.84.Final/netty-transport-classes-kqueue-4.1.84.Final.jar:/Users/surendran/.m2/repository/io/netty/netty-transport-native-epoll/4.1.84.Final/netty-transport-native-epoll-4.1.84.Final.jar:/Users/surendran/.m2/repository/io/netty/netty-transport-native-kqueue/4.1.84.Final/netty-transport-native-kqueue-4.1.84.Final.jar:/Users/surendran/.m2/repository/io/netty/netty-transport-native-unix-common/4.1.84.Final/netty-transport-native-unix-common-4.1.84.Final.jar:/Users/surendran/.m2/repository/io/netty/netty-transport/4.1.84.Final/netty-transport-4.1.84.Final.jar:/Users/surendran/.m2/repository/io/netty/netty-resolver/4.1.84.Final/netty-resolver-4.1.84.Final.jar:/Users/surendran/.m2/repository/io/opentelemetry/opentelemetry-api/1.19.0/opentelemetry-api-1.19.0.jar:/Users/surendran/.m2/repository/io/opentelemetry/opentelemetry-context/1.19.0/opentelemetry-context-1.19.0.jar:/Users/surendran/.m2/repository/io/opentelemetry/opentelemetry-exporter-logging/1.19.0/opentelemetry-exporter-logging-1.19.0.jar:/Users/surendran/.m2/repository/io/opentelemetry/opentelemetry-sdk-metrics/1.19.0/opentelemetry-sdk-metrics-1.19.0.jar:/Users/surendran/.m2/repository/io/opentelemetry/opentelemetry-sdk-logs/1.19.0-alpha/opentelemetry-sdk-logs-1.19.0-alpha.jar:/Users/surendran/.m2/repository/io/opentelemetry/opentelemetry-api-logs/1.19.0-alpha/opentelemetry-api-logs-1.19.0-alpha.jar:/Users/surendran/.m2/repository/io/opentelemetry/opentelemetry-sdk-common/1.19.0/opentelemetry-sdk-common-1.19.0.jar:/Users/surendran/.m2/repository/io/opentelemetry/opentelemetry-sdk-extension-autoconfigure-spi/1.19.0/opentelemetry-sdk-extension-autoconfigure-spi-1.19.0.jar:/Users/surendran/.m2/repository/io/opentelemetry/opentelemetry-sdk-extension-autoconfigure/1.19.0-alpha/opentelemetry-sdk-extension-autoconfigure-1.19.0-alpha.jar:/Users/surendran/.m2/repository/io/opentelemetry/opentelemetry-exporter-common/1.19.0/opentelemetry-exporter-common-1.19.0.jar:/Users/surendran/.m2/repository/io/opentelemetry/opentelemetry-sdk-trace/1.19.0/opentelemetry-sdk-trace-1.19.0.jar:/Users/surendran/.m2/repository/io/opentelemetry/opentelemetry-sdk/1.19.0/opentelemetry-sdk-1.19.0.jar:/Users/surendran/.m2/repository/io/opentelemetry/opentelemetry-semconv/1.19.0-alpha/opentelemetry-semconv-1.19.0-alpha.jar:/Users/surendran/.m2/repository/io/ous/jtoml/2.0.0/jtoml-2.0.0.jar:/Users/surendran/.m2/repository/net/bytebuddy/byte-buddy/1.12.18/byte-buddy-1.12.18.jar:/Users/surendran/.m2/repository/org/apache/commons/commons-exec/1.3/commons-exec-1.3.jar:/Users/surendran/.m2/repository/org/asynchttpclient/async-http-client/2.12.3/async-http-client-2.12.3.jar:/Users/surendran/.m2/repository/org/asynchttpclient/async-http-client-netty-utils/2.12.3/async-http-client-netty-utils-2.12.3.jar:/Users/surendran/.m2/repository/io/netty/netty-codec-socks/4.1.60.Final/netty-codec-socks-4.1.60.Final.jar:/Users/surendran/.m2/repository/io/netty/netty-handler-proxy/4.1.60.Final/netty-handler-proxy-4.1.60.Final.jar:/Users/surendran/.m2/repository/io/netty/netty-transport-native-epoll/4.1.60.Final/netty-transport-native-epoll-4.1.60.Final-linux-x86_64.jar:/Users/surendran/.m2/repository/io/netty/netty-transport-native-kqueue/4.1.60.Final/netty-transport-native-kqueue-4.1.60.Final-osx-x86_64.jar:/Users/surendran/.m2/repository/org/reactivestreams/reactive-streams/1.0.3/reactive-streams-1.0.3.jar:/Users/surendran/.m2/repository/com/typesafe/netty/netty-reactive-streams/2.0.4/netty-reactive-streams-2.0.4.jar:/Users/surendran/.m2/repository/com/sun/activation/jakarta.activation/1.2.2/jakarta.activation-1.2.2.jar:/Users/surendran/.m2/repository/org/seleniumhq/selenium/selenium-http/4.6.0/selenium-http-4.6.0.jar:/Users/surendran/.m2/repository/dev/failsafe/failsafe/3.3.0/failsafe-3.3.0.jar:/Users/surendran/.m2/repository/org/seleniumhq/selenium/selenium-json/4.6.0/selenium-json-4.6.0.jar:/Users/surendran/.m2/repository/org/seleniumhq/selenium/selenium-manager/4.6.0/selenium-manager-4.6.0.jar:/Users/surendran/.m2/repository/io/github/bonigarcia/webdrivermanager/5.3.1/webdrivermanager-5.3.1.jar:/Users/surendran/.m2/repository/com/google/code/gson/gson/2.10/gson-2.10.jar:/Users/surendran/.m2/repository/com/github/docker-java/docker-java/3.2.13/docker-java-3.2.13.jar:/Users/surendran/.m2/repository/com/github/docker-java/docker-java-core/3.2.13/docker-java-core-3.2.13.jar:/Users/surendran/.m2/repository/com/github/docker-java/docker-java-api/3.2.13/docker-java-api-3.2.13.jar:/Users/surendran/.m2/repository/org/bouncycastle/bcpkix-jdk15on/1.64/bcpkix-jdk15on-1.64.jar:/Users/surendran/.m2/repository/org/bouncycastle/bcprov-jdk15on/1.64/bcprov-jdk15on-1.64.jar:/Users/surendran/.m2/repository/org/slf4j/jcl-over-slf4j/1.7.30/jcl-over-slf4j-1.7.30.jar:/Users/surendran/.m2/repository/com/github/docker-java/docker-java-transport-httpclient5/3.2.13/docker-java-transport-httpclient5-3.2.13.jar:/Users/surendran/.m2/repository/com/github/docker-java/docker-java-transport/3.2.13/docker-java-transport-3.2.13.jar:/Users/surendran/.m2/repository/net/java/dev/jna/jna/5.8.0/jna-5.8.0.jar:/Users/surendran/.m2/repository/org/brotli/dec/0.1.2/dec-0.1.2.jar:/Users/surendran/.m2/repository/org/apache/commons/commons-lang3/3.12.0/commons-lang3-3.12.0.jar:/Users/surendran/.m2/repository/org/apache/httpcomponents/client5/httpclient5/5.1.3/httpclient5-5.1.3.jar:/Users/surendran/.m2/repository/org/apache/httpcomponents/core5/httpcore5/5.1.3/httpcore5-5.1.3.jar:/Users/surendran/.m2/repository/org/apache/httpcomponents/core5/httpcore5-h2/5.1.3/httpcore5-h2-5.1.3.jar:/Users/surendran/.m2/repository/com/google/guava/guava/31.1-jre/guava-31.1-jre.jar:/Users/surendran/.m2/repository/com/google/guava/failureaccess/1.0.1/failureaccess-1.0.1.jar:/Users/surendran/.m2/repository/com/google/guava/listenablefuture/9999.0-empty-to-avoid-conflict-with-guava/listenablefuture-9999.0-empty-to-avoid-conflict-with-guava.jar:/Users/surendran/.m2/repository/com/google/code/findbugs/jsr305/3.0.2/jsr305-3.0.2.jar:/Users/surendran/.m2/repository/org/checkerframework/checker-qual/3.12.0/checker-qual-3.12.0.jar:/Users/surendran/.m2/repository/com/google/errorprone/error_prone_annotations/2.11.0/error_prone_annotations-2.11.0.jar:/Users/surendran/.m2/repository/com/google/j2objc/j2objc-annotations/1.3/j2objc-annotations-1.3.jar:/Users/surendran/.m2/repository/ru/yandex/qatools/ashot/ashot/1.5.4/ashot-1.5.4.jar:/Users/surendran/.m2/repository/org/hamcrest/hamcrest-core/1.3/hamcrest-core-1.3.jar:/Users/surendran/.m2/repository/org/testng/testng/7.6.1/testng-7.6.1.jar:/Users/surendran/.m2/repository/org/webjars/jquery/3.6.0/jquery-3.6.0.jar:/Users/surendran/.m2/repository/io/cucumber/cucumber-java/7.8.1/cucumber-java-7.8.1.jar:/Users/surendran/.m2/repository/org/apiguardian/apiguardian-api/1.1.2/apiguardian-api-1.1.2.jar:/Users/surendran/.m2/repository/io/cucumber/cucumber-core/7.8.1/cucumber-core-7.8.1.jar:/Users/surendran/.m2/repository/io/cucumber/cucumber-gherkin/7.8.1/cucumber-gherkin-7.8.1.jar:/Users/surendran/.m2/repository/io/cucumber/cucumber-gherkin-messages/7.8.1/cucumber-gherkin-messages-7.8.1.jar:/Users/surendran/.m2/repository/io/cucumber/messages/19.1.4/messages-19.1.4.jar:/Users/surendran/.m2/repository/io/cucumber/tag-expressions/4.1.0/tag-expressions-4.1.0.jar:/Users/surendran/.m2/repository/io/cucumber/cucumber-expressions/16.0.0/cucumber-expressions-16.0.0.jar:/Users/surendran/.m2/repository/io/cucumber/datatable/7.8.1/datatable-7.8.1.jar:/Users/surendran/.m2/repository/io/cucumber/cucumber-plugin/7.8.1/cucumber-plugin-7.8.1.jar:/Users/surendran/.m2/repository/io/cucumber/docstring/7.8.1/docstring-7.8.1.jar:/Users/surendran/.m2/repository/io/cucumber/ci-environment/9.1.0/ci-environment-9.1.0.jar:/Users/surendran/.m2/repository/io/cucumber/cucumber-testng/7.8.1/cucumber-testng-7.8.1.jar:/Users/surendran/.m2/repository/io/cucumber/cucumber-junit/7.8.1/cucumber-junit-7.8.1.jar:/Users/surendran/.m2/repository/junit/junit/4.13.2/junit-4.13.2.jar:/Users/surendran/.m2/repository/io/cucumber/cucumber-picocontainer/7.8.1/cucumber-picocontainer-7.8.1.jar:/Users/surendran/.m2/repository/org/picocontainer/picocontainer/2.15/picocontainer-2.15.jar:/Users/surendran/.m2/repository/io/cucumber/gherkin/25.0.2/gherkin-25.0.2.jar:/Users/surendran/.m2/repository/io/rest-assured/rest-assured/4.4.0/rest-assured-4.4.0.jar:/Users/surendran/.m2/repository/org/codehaus/groovy/groovy/3.0.8/groovy-3.0.8.jar:/Users/surendran/.m2/repository/org/codehaus/groovy/groovy-xml/3.0.8/groovy-xml-3.0.8.jar:/Users/surendran/.m2/repository/org/apache/httpcomponents/httpmime/4.5.13/httpmime-4.5.13.jar:/Users/surendran/.m2/repository/org/hamcrest/hamcrest/2.1/hamcrest-2.1.jar:/Users/surendran/.m2/repository/org/ccil/cowan/tagsoup/tagsoup/1.2.1/tagsoup-1.2.1.jar:/Users/surendran/.m2/repository/io/rest-assured/json-path/4.4.0/json-path-4.4.0.jar:/Users/surendran/.m2/repository/org/codehaus/groovy/groovy-json/3.0.8/groovy-json-3.0.8.jar:/Users/surendran/.m2/repository/io/rest-assured/rest-assured-common/4.4.0/rest-assured-common-4.4.0.jar:/Users/surendran/.m2/repository/io/rest-assured/xml-path/4.4.0/xml-path-4.4.0.jar:/Users/surendran/.m2/repository/jakarta/xml/bind/jakarta.xml.bind-api/2.3.3/jakarta.xml.bind-api-2.3.3.jar:/Users/surendran/.m2/repository/jakarta/activation/jakarta.activation-api/1.2.2/jakarta.activation-api-1.2.2.jar:/Users/surendran/.m2/repository/com/sun/xml/bind/jaxb-impl/2.3.3/jaxb-impl-2.3.3.jar:/Users/surendran/.m2/repository/tech/grasshopper/extentreports-cucumber7-adapter/1.7.0/extentreports-cucumber7-adapter-1.7.0.jar:/Users/surendran/.m2/repository/com/aventstack/extentreports/5.0.9/extentreports-5.0.9.jar:/Users/surendran/.m2/repository/io/reactivex/rxjava3/rxjava/3.0.4/rxjava-3.0.4.jar:/Users/surendran/.m2/repository/org/freemarker/freemarker/2.3.30/freemarker-2.3.30.jar:/Users/surendran/.m2/repository/tech/grasshopper/extent-pdf-report/2.7.0/extent-pdf-report-2.7.0.jar:/Users/surendran/.m2/repository/tech/grasshopper/cucumber-pdf-report/2.10.0/cucumber-pdf-report-2.10.0.jar:/Users/surendran/.m2/repository/org/apache/pdfbox/pdfbox/2.0.26/pdfbox-2.0.26.jar:/Users/surendran/.m2/repository/org/apache/pdfbox/fontbox/2.0.26/fontbox-2.0.26.jar:/Users/surendran/.m2/repository/org/knowm/xchart/xchart/3.8.0/xchart-3.8.0.jar:/Users/surendran/.m2/repository/de/erichseifert/vectorgraphics2d/VectorGraphics2D/0.13/VectorGraphics2D-0.13.jar:/Users/surendran/.m2/repository/de/rototor/pdfbox/graphics2d/0.30/graphics2d-0.30.jar:/Users/surendran/.m2/repository/com/madgag/animated-gif-lib/1.4/animated-gif-lib-1.4.jar:/Users/surendran/.m2/repository/tech/grasshopper/table-layout/1.5.1/table-layout-1.5.1.jar:/Users/surendran/.m2/repository/tech/grasshopper/rest-assured-cucumber-pdf-report/1.4.1/rest-assured-cucumber-pdf-report-1.4.1.jar:/Users/surendran/.m2/repository/org/jsoup/jsoup/1.14.3/jsoup-1.14.3.jar:/Users/surendran/.m2/repository/com/aventstack/klov-reporter/5.0.9/klov-reporter-5.0.9.jar:/Users/surendran/.m2/repository/org/mongodb/mongodb-driver/3.6.4/mongodb-driver-3.6.4.jar:/Users/surendran/.m2/repository/org/mongodb/mongodb-driver-core/3.6.4/mongodb-driver-core-3.6.4.jar:/Users/surendran/.m2/repository/org/mongodb/bson/3.6.4/bson-3.6.4.jar:/Users/surendran/.m2/repository/tech/grasshopper/htmlextentreporter/1.0.1/htmlextentreporter-1.0.1.jar:/Users/surendran/.m2/repository/com/browserstack/browserstack-local-java/1.0.3/browserstack-local-java-1.0.3.jar:/Users/surendran/.m2/repository/log4j/log4j/1.2.17/log4j-1.2.17.jar:/Users/surendran/.m2/repository/org/slf4j/slf4j-api/2.0.5/slf4j-api-2.0.5.jar:/Users/surendran/.m2/repository/org/slf4j/slf4j-simple/2.0.5/slf4j-simple-2.0.5.jar:/Users/surendran/.m2/repository/commons-io/commons-io/2.11.0/commons-io-2.11.0.jar:/Users/surendran/.m2/repository/org/springframework/spring-web/5.3.15/spring-web-5.3.15.jar:/Users/surendran/.m2/repository/org/springframework/spring-beans/5.3.15/spring-beans-5.3.15.jar:/Users/surendran/.m2/repository/org/springframework/spring-core/5.3.15/spring-core-5.3.15.jar:/Users/surendran/.m2/repository/org/springframework/spring-jcl/5.3.15/spring-jcl-5.3.15.jar:/Users/surendran/.m2/repository/org/springframework/spring-context/5.3.15/spring-context-5.3.15.jar:/Users/surendran/.m2/repository/org/springframework/spring-aop/5.3.15/spring-aop-5.3.15.jar:/Users/surendran/.m2/repository/org/springframework/spring-expression/5.3.15/spring-expression-5.3.15.jar:/Users/surendran/.m2/repository/org/projectlombok/lombok/1.18.22/lombok-1.18.22.jar:/Users/surendran/.m2/repository/org/codehaus/jackson/jackson-mapper-asl/1.9.13/jackson-mapper-asl-1.9.13.jar:/Users/surendran/.m2/repository/org/codehaus/jackson/jackson-core-asl/1.9.13/jackson-core-asl-1.9.13.jar:/Users/surendran/.m2/repository/com/fasterxml/jackson/core/jackson-databind/2.13.1/jackson-databind-2.13.1.jar:/Users/surendran/.m2/repository/com/fasterxml/jackson/core/jackson-annotations/2.13.1/jackson-annotations-2.13.1.jar:/Users/surendran/.m2/repository/com/fasterxml/jackson/core/jackson-core/2.13.1/jackson-core-2.13.1.jar:/Users/surendran/.m2/repository/org/apache/httpcomponents/httpclient/4.5.13/httpclient-4.5.13.jar:/Users/surendran/.m2/repository/org/apache/httpcomponents/httpcore/4.4.13/httpcore-4.4.13.jar:/Users/surendran/.m2/repository/commons-logging/commons-logging/1.2/commons-logging-1.2.jar:/Users/surendran/.m2/repository/commons-codec/commons-codec/1.11/commons-codec-1.11.jar:/Users/surendran/.m2/repository/xml-apis/xml-apis/1.0.b2/xml-apis-1.0.b2.jar:/Users/surendran/.m2/repository/io/codearte/jfairy/jfairy/0.5.9/jfairy-0.5.9.jar:/Users/surendran/.m2/repository/org/apache/commons/commons-math3/3.6.1/commons-math3-3.6.1.jar:/Users/surendran/.m2/repository/org/yaml/snakeyaml/1.18/snakeyaml-1.18.jar:/Users/surendran/.m2/repository/com/google/inject/extensions/guice-assistedinject/4.1.0/guice-assistedinject-4.1.0.jar:/Users/surendran/.m2/repository/joda-time/joda-time/2.9.9/joda-time-2.9.9.jar:/Users/surendran/.m2/repository/org/reflections/reflections/0.9.11/reflections-0.9.11.jar:/Users/surendran/.m2/repository/org/javassist/javassist/3.21.0-GA/javassist-3.21.0-GA.jar:/Users/surendran/.m2/repository/org/iban4j/iban4j/3.2.1/iban4j-3.2.1.jar:/Users/surendran/.m2/repository/com/google/inject/guice/4.1.0/guice-4.1.0.jar:/Users/surendran/.m2/repository/javax/inject/javax.inject/1/javax.inject-1.jar:/Users/surendran/.m2/repository/aopalliance/aopalliance/1.0/aopalliance-1.0.jar:/Users/surendran/.m2/repository/org/json/json/20210307/json-20210307.jar:/Users/surendran/.m2/repository/com/opencsv/opencsv/5.5.2/opencsv-5.5.2.jar:/Users/surendran/.m2/repository/org/apache/commons/commons-text/1.9/commons-text-1.9.jar:/Users/surendran/.m2/repository/commons-beanutils/commons-beanutils/1.9.4/commons-beanutils-1.9.4.jar:/Users/surendran/.m2/repository/commons-collections/commons-collections/3.2.2/commons-collections-3.2.2.jar:/Users/surendran/.m2/repository/org/apache/commons/commons-collections4/4.4/commons-collections4-4.4.jar:/Users/surendran/.m2/repository/org/apache/poi/poi/5.2.2/poi-5.2.2.jar:/Users/surendran/.m2/repository/com/zaxxer/SparseBitSet/1.2/SparseBitSet-1.2.jar:/Users/surendran/.m2/repository/org/apache/logging/log4j/log4j-api/2.17.2/log4j-api-2.17.2.jar:/Users/surendran/.m2/repository/org/apache/poi/poi-ooxml/5.2.2/poi-ooxml-5.2.2.jar:/Users/surendran/.m2/repository/org/apache/poi/poi-ooxml-lite/5.2.2/poi-ooxml-lite-5.2.2.jar:/Users/surendran/.m2/repository/org/apache/xmlbeans/xmlbeans/5.0.3/xmlbeans-5.0.3.jar:/Users/surendran/.m2/repository/org/apache/commons/commons-compress/1.21/commons-compress-1.21.jar:/Users/surendran/.m2/repository/com/github/virtuald/curvesapi/1.07/curvesapi-1.07.jar:/Users/surendran/.m2/repository/io/appium/java-client/8.2.1/java-client-8.2.1.jar:/Users/surendran/.m2/repository/cglib/cglib/3.3.0/cglib-3.3.0.jar:/Users/surendran/.m2/repository/org/ow2/asm/asm/7.1/asm-7.1.jar:/Users/surendran/.m2/repository/commons-validator/commons-validator/1.7/commons-validator-1.7.jar:/Users/surendran/.m2/repository/commons-digester/commons-digester/2.1/commons-digester-2.1.jar:/Users/surendran/.m2/repository/org/jfree/jfreechart/1.0.14/jfreechart-1.0.14.jar:/Users/surendran/.m2/repository/org/jfree/jcommon/1.0.17/jcommon-1.0.17.jar:/Users/surendran/.m2/repository/com/lowagie/itext/2.1.5/itext-2.1.5.jar:/Users/surendran/.m2/repository/bouncycastle/bcmail-jdk14/138/bcmail-jdk14-138.jar:/Users/surendran/.m2/repository/bouncycastle/bcprov-jdk14/138/bcprov-jdk14-138.jar:"/>
    <property name="sun.cpu.endian" value="little"/>
    <property name="user.home" value="/Users/surendran"/>
    <property name="user.language" value="en"/>
    <property name="java.specification.vendor" value="Oracle Corporation"/>
    <property name="java.version.date" value="2022-10-18"/>
    <property name="java.home" value="/Users/surendran/Library/Java/JavaVirtualMachines/openjdk-19.0.1/Contents/Home"/>
    <property name="file.separator" value="/"/>
    <property name="basedir" value="/Users/surendran/Downloads/CVL-WEB-REPO-master2_BasicRunner"/>
    <property name="java.vm.compressedOopsMode" value="Zero based"/>
    <property name="line.separator" value="&#10;"/>
    <property name="java.vm.specification.vendor" value="Oracle Corporation"/>
    <property name="java.specification.name" value="Java Platform API Specification"/>
    <property name="apple.awt.application.name" value="ForkedBooter"/>
    <property name="surefire.real.class.path" value="/Users/surendran/Downloads/CVL-WEB-REPO-master2_BasicRunner/target/surefire/surefirebooter9689383758492487183.jar"/>
    <property name="sun.management.compiler" value="HotSpot 64-Bit Tiered Compilers"/>
    <property name="ftp.nonProxyHosts" value="local|*.local|169.254/16|*.169.254/16"/>
    <property name="java.runtime.version" value="19.0.1+10-21"/>
    <property name="user.name" value="surendran"/>
    <property name="stdout.encoding" value="US-ASCII"/>
    <property name="path.separator" value=":"/>
    <property name="os.version" value="12.6.1"/>
    <property name="java.runtime.name" value="OpenJDK Runtime Environment"/>
    <property name="file.encoding" value="UTF-8"/>
    <property name="java.vm.name" value="OpenJDK 64-Bit Server VM"/>
    <property name="localRepository" value="/Users/surendran/.m2/repository"/>
    <property name="java.vendor.url.bug" value="https://bugreport.java.com/bugreport/"/>
    <property name="java.io.tmpdir" value="/var/folders/fb/q2j348lj2vxg5m9wdf8w3j4m0000gq/T/"/>
    <property name="buildName" value="test9"/>
    <property name="java.version" value="19.0.1"/>
    <property name="user.dir" value="/Users/surendran/Downloads/CVL-WEB-REPO-master2_BasicRunner"/>
    <property name="os.arch" value="aarch64"/>
    <property name="java.vm.specification.name" value="Java Virtual Machine Specification"/>
    <property name="userName" value="aakashv"/>
    <property name="native.encoding" value="US-ASCII"/>
    <property name="java.library.path" value="/Users/surendran/Library/Java/Extensions:/Library/Java/Extensions:/Network/Library/Java/Extensions:/System/Library/Java/Extensions:/usr/lib/java:."/>
    <property name="java.vm.info" value="mixed mode, sharing"/>
    <property name="stderr.encoding" value="US-ASCII"/>
    <property name="java.vendor" value="Oracle Corporation"/>
    <property name="java.vm.version" value="19.0.1+10-21"/>
    <property name="sun.io.unicode.encoding" value="UnicodeBig"/>
    <property name="socksNonProxyHosts" value="local|*.local|169.254/16|*.169.254/16"/>
    <property name="java.class.version" value="63.0"/>
  </properties>
  <testcase name="runScenario" classname="com.resumelibrary.cucumber.CucumberTestRunner" time="36.352"/>
</testsuite>