<?xml version="1.0" encoding="UTF-8"?>
<!-- Generated by org.testng.reporters.JUnitReportReporter -->
<testsuite hostname="192.168.1.6" failures="0" tests="1" name="com.resumelibrary.cucumber.CucumberTestRunner" time="36.351" errors="0" timestamp="2023-05-23T15:25:01 IST" skipped="0">
  <testcase classname="com.resumelibrary.cucumber.CucumberTestRunner" name="runScenario" time="36.351"/>
  <system-out/>
</testsuite> <!-- com.resumelibrary.cucumber.CucumberTestRunner -->
